2025-07-16 02:14:46,718 - __main__ - INFO - Starting SF6 model training...
2025-07-16 02:14:46,718 - __main__ - INFO - Using hyperparameters: {'n_steps': 2560, 'gamma': 0.99, 'learning_rate': 0.00025, 'clip_range': 0.2, 'gae_lambda': 0.95}
2025-07-16 02:14:46,718 - __main__ - INFO - Creating training environment for character: ryu
2025-07-16 02:14:47,662 - __main__ - INFO - Make sure Street Fighter 6 is running and in training mode!
2025-07-16 02:14:47,663 - __main__ - INFO - Recommended setup:
2025-07-16 02:14:47,663 - __main__ - INFO - 1. Start SF6 in windowed mode
2025-07-16 02:14:47,663 - __main__ - INFO - 2. Go to Training Mode
2025-07-16 02:14:47,663 - __main__ - INFO - 3. Set up your preferred training scenario
2025-07-16 02:14:47,663 - __main__ - INFO - 4. Position the window for optimal screen capture
2025-07-16 02:40:02,657 - street_fighter_6_enhanced - INFO - Resetting environment (Episode 0)
2025-07-16 02:40:06,216 - street_fighter_6_enhanced - INFO - Resetting environment (Episode 1)
2025-07-16 02:40:09,137 - street_fighter_6_enhanced - INFO - Resetting environment (Episode 2)
2025-07-16 02:40:12,858 - street_fighter_6_enhanced - INFO - Resetting environment (Episode 3)
2025-07-16 02:40:16,379 - street_fighter_6_enhanced - INFO - Resetting environment (Episode 4)
2025-07-16 02:40:21,995 - street_fighter_6_enhanced - INFO - Resetting environment (Episode 5)
2025-07-16 02:40:46,684 - street_fighter_6_enhanced - INFO - Resetting environment (Episode 6)
2025-07-16 02:40:50,409 - street_fighter_6_enhanced - INFO - Resetting environment (Episode 7)
2025-07-16 02:40:58,316 - street_fighter_6_enhanced - INFO - Resetting environment (Episode 8)
2025-07-16 02:41:07,628 - street_fighter_6_enhanced - INFO - Resetting environment (Episode 9)
2025-07-16 02:41:32,800 - street_fighter_6_enhanced - INFO - Resetting environment (Episode 10)
2025-07-16 02:41:36,321 - street_fighter_6_enhanced - INFO - Resetting environment (Episode 11)
2025-07-16 02:41:44,628 - street_fighter_6_enhanced - INFO - Resetting environment (Episode 12)
2025-07-16 02:41:47,748 - street_fighter_6_enhanced - INFO - Resetting environment (Episode 13)
2025-07-16 02:41:51,070 - street_fighter_6_enhanced - INFO - Resetting environment (Episode 14)
2025-07-16 02:42:02,674 - street_fighter_6_enhanced - INFO - Resetting environment (Episode 15)
2025-07-16 02:42:05,995 - street_fighter_6_enhanced - INFO - Resetting environment (Episode 16)
2025-07-16 02:42:09,321 - street_fighter_6_enhanced - INFO - Resetting environment (Episode 17)
2025-07-16 02:42:18,429 - street_fighter_6_enhanced - INFO - Resetting environment (Episode 18)
2025-07-16 02:42:21,552 - street_fighter_6_enhanced - INFO - Resetting environment (Episode 19)
2025-07-16 02:42:27,366 - street_fighter_6_enhanced - INFO - Resetting environment (Episode 20)
2025-07-16 02:42:31,288 - street_fighter_6_enhanced - INFO - Resetting environment (Episode 21)
2025-07-16 02:42:34,810 - street_fighter_6_enhanced - INFO - Resetting environment (Episode 22)
2025-07-16 02:42:40,827 - street_fighter_6_enhanced - INFO - Resetting environment (Episode 23)
2025-07-16 02:42:51,829 - street_fighter_6_enhanced - INFO - Resetting environment (Episode 24)
2025-07-16 02:42:55,350 - street_fighter_6_enhanced - INFO - Resetting environment (Episode 25)
2025-07-16 02:43:06,154 - street_fighter_6_enhanced - INFO - Resetting environment (Episode 26)
2025-07-16 02:43:17,162 - street_fighter_6_enhanced - INFO - Resetting environment (Episode 27)
2025-07-16 02:43:28,565 - street_fighter_6_enhanced - INFO - Resetting environment (Episode 28)
2025-07-16 02:43:32,088 - street_fighter_6_enhanced - INFO - Resetting environment (Episode 29)
2025-07-16 02:43:35,406 - street_fighter_6_enhanced - INFO - Resetting environment (Episode 30)
2025-07-16 02:43:38,740 - street_fighter_6_enhanced - INFO - Resetting environment (Episode 31)
2025-07-16 02:43:56,738 - street_fighter_6_enhanced - INFO - Resetting environment (Episode 32)
2025-07-16 02:44:05,845 - street_fighter_6_enhanced - INFO - Resetting environment (Episode 33)
2025-07-16 02:44:14,554 - street_fighter_6_enhanced - INFO - Resetting environment (Episode 34)
2025-07-16 02:44:20,771 - street_fighter_6_enhanced - INFO - Resetting environment (Episode 35)
2025-07-16 02:44:24,091 - street_fighter_6_enhanced - INFO - Resetting environment (Episode 36)
2025-07-16 02:44:27,618 - street_fighter_6_enhanced - INFO - Resetting environment (Episode 37)
2025-07-16 02:44:30,937 - street_fighter_6_enhanced - INFO - Resetting environment (Episode 38)
2025-07-16 02:44:34,457 - street_fighter_6_enhanced - INFO - Resetting environment (Episode 39)
2025-07-16 02:45:11,018 - street_fighter_6_enhanced - INFO - Resetting environment (Episode 40)
2025-07-16 02:45:14,738 - street_fighter_6_enhanced - INFO - Resetting environment (Episode 41)
2025-07-16 02:45:18,063 - street_fighter_6_enhanced - INFO - Resetting environment (Episode 42)
2025-07-16 02:45:24,477 - street_fighter_6_enhanced - INFO - Resetting environment (Episode 43)
2025-07-16 02:45:27,396 - street_fighter_6_enhanced - INFO - Resetting environment (Episode 44)
2025-07-16 02:45:30,522 - street_fighter_6_enhanced - INFO - Resetting environment (Episode 45)
2025-07-16 02:45:43,417 - street_fighter_6_enhanced - INFO - Resetting environment (Episode 46)
2025-07-16 02:45:46,939 - street_fighter_6_enhanced - INFO - Resetting environment (Episode 47)
2025-07-16 02:45:50,461 - street_fighter_6_enhanced - INFO - Resetting environment (Episode 48)
2025-07-16 02:45:55,877 - street_fighter_6_enhanced - INFO - Resetting environment (Episode 49)
2025-07-16 02:45:59,799 - street_fighter_6_enhanced - INFO - Resetting environment (Episode 50)
2025-07-16 02:46:03,939 - street_fighter_6_enhanced - INFO - Resetting environment (Episode 51)
2025-07-16 02:46:24,526 - street_fighter_6_enhanced - INFO - Resetting environment (Episode 52)
2025-07-16 02:46:29,741 - street_fighter_6_enhanced - INFO - Resetting environment (Episode 53)
2025-07-16 02:46:34,068 - street_fighter_6_enhanced - INFO - Resetting environment (Episode 54)
2025-07-16 02:46:37,587 - street_fighter_6_enhanced - INFO - Resetting environment (Episode 55)
2025-07-16 02:46:40,909 - street_fighter_6_enhanced - INFO - Resetting environment (Episode 56)
2025-07-16 02:46:44,227 - street_fighter_6_enhanced - INFO - Resetting environment (Episode 57)
2025-07-16 02:46:51,046 - street_fighter_6_enhanced - INFO - Resetting environment (Episode 58)
2025-07-16 02:46:56,875 - street_fighter_6_enhanced - INFO - Resetting environment (Episode 59)
2025-07-16 02:47:05,382 - street_fighter_6_enhanced - INFO - Resetting environment (Episode 60)
2025-07-16 02:47:10,798 - street_fighter_6_enhanced - INFO - Resetting environment (Episode 61)
2025-07-16 02:47:13,921 - street_fighter_6_enhanced - INFO - Resetting environment (Episode 62)
2025-07-16 02:47:33,025 - street_fighter_6_enhanced - INFO - Resetting environment (Episode 63)
2025-07-16 02:47:36,757 - street_fighter_6_enhanced - INFO - Resetting environment (Episode 64)
2025-07-16 02:47:40,277 - street_fighter_6_enhanced - INFO - Resetting environment (Episode 65)
2025-07-16 02:47:48,390 - street_fighter_6_enhanced - INFO - Resetting environment (Episode 66)
2025-07-16 02:47:52,514 - street_fighter_6_enhanced - INFO - Resetting environment (Episode 67)
2025-07-16 02:47:56,244 - street_fighter_6_enhanced - INFO - Resetting environment (Episode 68)
2025-07-16 02:47:59,967 - street_fighter_6_enhanced - INFO - Resetting environment (Episode 69)
2025-07-16 02:48:03,888 - street_fighter_6_enhanced - INFO - Resetting environment (Episode 70)
2025-07-16 02:48:07,409 - street_fighter_6_enhanced - INFO - Resetting environment (Episode 71)
2025-07-16 02:48:10,732 - street_fighter_6_enhanced - INFO - Resetting environment (Episode 72)
2025-07-16 02:48:19,055 - street_fighter_6_enhanced - INFO - Resetting environment (Episode 73)
2025-07-16 02:48:27,763 - street_fighter_6_enhanced - INFO - Resetting environment (Episode 74)
2025-07-16 02:48:39,781 - street_fighter_6_enhanced - INFO - Resetting environment (Episode 75)
2025-07-16 02:49:01,381 - street_fighter_6_enhanced - INFO - Resetting environment (Episode 76)
2025-07-16 02:49:04,909 - street_fighter_6_enhanced - INFO - Resetting environment (Episode 77)
2025-07-16 02:49:28,403 - street_fighter_6_enhanced - INFO - Resetting environment (Episode 78)
2025-07-16 02:49:31,523 - street_fighter_6_enhanced - INFO - Resetting environment (Episode 79)
2025-07-16 02:49:35,644 - street_fighter_6_enhanced - INFO - Resetting environment (Episode 80)
2025-07-16 02:49:41,858 - street_fighter_6_enhanced - INFO - Resetting environment (Episode 81)
2025-07-16 02:49:50,370 - street_fighter_6_enhanced - INFO - Resetting environment (Episode 82)
2025-07-16 02:49:53,489 - street_fighter_6_enhanced - INFO - Resetting environment (Episode 83)
2025-07-16 02:50:17,365 - street_fighter_6_enhanced - INFO - Resetting environment (Episode 84)
2025-07-16 02:50:22,783 - street_fighter_6_enhanced - INFO - Resetting environment (Episode 85)
2025-07-16 02:50:40,471 - street_fighter_6_enhanced - INFO - Resetting environment (Episode 86)
2025-07-16 02:50:43,792 - street_fighter_6_enhanced - INFO - Resetting environment (Episode 87)
2025-07-16 02:50:47,313 - street_fighter_6_enhanced - INFO - Resetting environment (Episode 88)
2025-07-16 02:50:51,234 - street_fighter_6_enhanced - INFO - Resetting environment (Episode 89)
2025-07-16 02:51:11,417 - street_fighter_6_enhanced - INFO - Resetting environment (Episode 90)
2025-07-16 02:51:14,336 - street_fighter_6_enhanced - INFO - Resetting environment (Episode 91)
2025-07-16 02:51:17,658 - street_fighter_6_enhanced - INFO - Resetting environment (Episode 92)
2025-07-16 02:51:20,984 - street_fighter_6_enhanced - INFO - Resetting environment (Episode 93)
2025-07-16 02:51:24,528 - street_fighter_6_enhanced - INFO - Resetting environment (Episode 94)
2025-07-16 02:51:27,851 - street_fighter_6_enhanced - INFO - Resetting environment (Episode 95)
2025-07-16 02:51:30,972 - street_fighter_6_enhanced - INFO - Resetting environment (Episode 96)
2025-07-16 02:51:42,374 - street_fighter_6_enhanced - INFO - Resetting environment (Episode 97)
2025-07-16 02:51:47,990 - street_fighter_6_enhanced - INFO - Resetting environment (Episode 98)
2025-07-16 02:51:51,511 - street_fighter_6_enhanced - INFO - Resetting environment (Episode 99)
2025-07-16 02:51:57,926 - street_fighter_6_enhanced - INFO - Resetting environment (Episode 100)
2025-07-16 02:52:15,320 - street_fighter_6_enhanced - INFO - Resetting environment (Episode 101)
2025-07-16 02:52:26,722 - street_fighter_6_enhanced - INFO - Resetting environment (Episode 102)
2025-07-16 02:52:35,036 - street_fighter_6_enhanced - INFO - Resetting environment (Episode 103)
2025-07-16 02:52:39,155 - street_fighter_6_enhanced - INFO - Resetting environment (Episode 104)
2025-07-16 02:52:42,478 - street_fighter_6_enhanced - INFO - Resetting environment (Episode 105)
2025-07-16 02:52:45,800 - street_fighter_6_enhanced - INFO - Resetting environment (Episode 106)
2025-07-16 02:52:49,120 - street_fighter_6_enhanced - INFO - Resetting environment (Episode 107)
2025-07-16 02:52:52,239 - street_fighter_6_enhanced - INFO - Resetting environment (Episode 108)
2025-07-16 02:52:55,762 - street_fighter_6_enhanced - INFO - Resetting environment (Episode 109)
2025-07-16 02:52:59,685 - street_fighter_6_enhanced - INFO - Resetting environment (Episode 110)
2025-07-16 02:53:03,005 - street_fighter_6_enhanced - INFO - Resetting environment (Episode 111)
2025-07-16 02:53:06,929 - street_fighter_6_enhanced - INFO - Resetting environment (Episode 112)
2025-07-16 02:53:10,649 - street_fighter_6_enhanced - INFO - Resetting environment (Episode 113)
2025-07-16 02:53:13,970 - street_fighter_6_enhanced - INFO - Resetting environment (Episode 114)
2025-07-16 02:53:19,987 - street_fighter_6_enhanced - INFO - Resetting environment (Episode 115)
2025-07-16 02:53:26,002 - street_fighter_6_enhanced - INFO - Resetting environment (Episode 116)
2025-07-16 02:53:29,322 - street_fighter_6_enhanced - INFO - Resetting environment (Episode 117)
2025-07-16 02:53:38,032 - street_fighter_6_enhanced - INFO - Resetting environment (Episode 118)
2025-07-16 02:53:44,047 - street_fighter_6_enhanced - INFO - Resetting environment (Episode 119)
2025-07-16 02:53:47,571 - street_fighter_6_enhanced - INFO - Resetting environment (Episode 120)
2025-07-16 02:53:53,586 - street_fighter_6_enhanced - INFO - Resetting environment (Episode 121)
2025-07-16 02:54:03,789 - street_fighter_6_enhanced - INFO - Resetting environment (Episode 122)
2025-07-16 02:54:07,311 - street_fighter_6_enhanced - INFO - Resetting environment (Episode 123)
2025-07-16 02:54:10,432 - street_fighter_6_enhanced - INFO - Resetting environment (Episode 124)
2025-07-16 02:54:20,635 - street_fighter_6_enhanced - INFO - Resetting environment (Episode 125)
2025-07-16 02:54:33,935 - street_fighter_6_enhanced - INFO - Resetting environment (Episode 126)
2025-07-16 02:54:37,657 - street_fighter_6_enhanced - INFO - Resetting environment (Episode 127)
2025-07-16 02:54:40,980 - street_fighter_6_enhanced - INFO - Resetting environment (Episode 128)
2025-07-16 02:54:51,582 - street_fighter_6_enhanced - INFO - Resetting environment (Episode 129)
2025-07-16 02:55:32,773 - street_fighter_6_enhanced - INFO - Resetting environment (Episode 130)
2025-07-16 02:55:37,991 - street_fighter_6_enhanced - INFO - Resetting environment (Episode 131)
2025-07-16 02:55:41,911 - street_fighter_6_enhanced - INFO - Resetting environment (Episode 132)
2025-07-16 02:55:45,430 - street_fighter_6_enhanced - INFO - Resetting environment (Episode 133)
2025-07-16 02:55:53,541 - street_fighter_6_enhanced - INFO - Resetting environment (Episode 134)
2025-07-16 02:55:57,062 - street_fighter_6_enhanced - INFO - Resetting environment (Episode 135)
2025-07-16 02:56:00,383 - street_fighter_6_enhanced - INFO - Resetting environment (Episode 136)
2025-07-16 02:56:04,303 - street_fighter_6_enhanced - INFO - Resetting environment (Episode 137)
2025-07-16 02:56:09,519 - street_fighter_6_enhanced - INFO - Resetting environment (Episode 138)
2025-07-16 02:56:12,839 - street_fighter_6_enhanced - INFO - Resetting environment (Episode 139)
2025-07-16 02:56:24,045 - street_fighter_6_enhanced - INFO - Resetting environment (Episode 140)
2025-07-16 02:56:27,566 - street_fighter_6_enhanced - INFO - Resetting environment (Episode 141)
2025-07-16 02:56:31,289 - street_fighter_6_enhanced - INFO - Resetting environment (Episode 142)
2025-07-16 02:56:34,810 - street_fighter_6_enhanced - INFO - Resetting environment (Episode 143)
2025-07-16 02:56:46,615 - street_fighter_6_enhanced - INFO - Resetting environment (Episode 144)
2025-07-16 02:56:50,136 - street_fighter_6_enhanced - INFO - Resetting environment (Episode 145)
2025-07-16 02:56:53,457 - street_fighter_6_enhanced - INFO - Resetting environment (Episode 146)
2025-07-16 02:56:56,779 - street_fighter_6_enhanced - INFO - Resetting environment (Episode 147)
2025-07-16 02:57:00,100 - street_fighter_6_enhanced - INFO - Resetting environment (Episode 148)
2025-07-16 02:57:03,222 - street_fighter_6_enhanced - INFO - Resetting environment (Episode 149)
2025-07-16 02:57:06,944 - street_fighter_6_enhanced - INFO - Resetting environment (Episode 150)
2025-07-16 02:57:10,869 - street_fighter_6_enhanced - INFO - Resetting environment (Episode 151)
2025-07-16 02:57:14,990 - street_fighter_6_enhanced - INFO - Resetting environment (Episode 152)
2025-07-16 02:57:17,913 - street_fighter_6_enhanced - INFO - Resetting environment (Episode 153)
2025-07-16 02:57:21,433 - street_fighter_6_enhanced - INFO - Resetting environment (Episode 154)
2025-07-16 02:57:24,751 - street_fighter_6_enhanced - INFO - Resetting environment (Episode 155)
2025-07-16 02:57:29,967 - street_fighter_6_enhanced - INFO - Resetting environment (Episode 156)
2025-07-16 02:57:33,493 - street_fighter_6_enhanced - INFO - Resetting environment (Episode 157)
2025-07-16 02:57:37,240 - street_fighter_6_enhanced - INFO - Resetting environment (Episode 158)
2025-07-16 02:57:41,360 - street_fighter_6_enhanced - INFO - Resetting environment (Episode 159)
2025-07-16 02:57:45,083 - street_fighter_6_enhanced - INFO - Resetting environment (Episode 160)
2025-07-16 02:57:48,417 - street_fighter_6_enhanced - INFO - Resetting environment (Episode 161)
2025-07-16 02:57:52,339 - street_fighter_6_enhanced - INFO - Resetting environment (Episode 162)
2025-07-16 02:57:55,657 - street_fighter_6_enhanced - INFO - Resetting environment (Episode 163)
2025-07-16 02:57:59,199 - street_fighter_6_enhanced - INFO - Resetting environment (Episode 164)
2025-07-16 02:58:02,532 - street_fighter_6_enhanced - INFO - Resetting environment (Episode 165)
2025-07-16 02:58:06,466 - street_fighter_6_enhanced - INFO - Resetting environment (Episode 166)
2025-07-16 02:58:12,296 - street_fighter_6_enhanced - INFO - Resetting environment (Episode 167)
2025-07-16 02:58:16,027 - street_fighter_6_enhanced - INFO - Resetting environment (Episode 168)
2025-07-16 02:58:19,348 - street_fighter_6_enhanced - INFO - Resetting environment (Episode 169)
2025-07-16 02:58:22,872 - street_fighter_6_enhanced - INFO - Resetting environment (Episode 170)
2025-07-16 02:58:26,193 - street_fighter_6_enhanced - INFO - Resetting environment (Episode 171)
2025-07-16 02:58:29,516 - street_fighter_6_enhanced - INFO - Resetting environment (Episode 172)
2025-07-16 02:58:32,851 - street_fighter_6_enhanced - INFO - Resetting environment (Episode 173)
2025-07-16 02:58:36,389 - street_fighter_6_enhanced - INFO - Resetting environment (Episode 174)
2025-07-16 02:58:40,319 - street_fighter_6_enhanced - INFO - Resetting environment (Episode 175)
2025-07-16 02:58:44,037 - street_fighter_6_enhanced - INFO - Resetting environment (Episode 176)
2025-07-16 02:58:47,161 - street_fighter_6_enhanced - INFO - Resetting environment (Episode 177)
2025-07-16 02:58:50,682 - street_fighter_6_enhanced - INFO - Resetting environment (Episode 178)
2025-07-16 02:58:54,003 - street_fighter_6_enhanced - INFO - Resetting environment (Episode 179)
2025-07-16 02:58:57,324 - street_fighter_6_enhanced - INFO - Resetting environment (Episode 180)
2025-07-16 02:59:01,245 - street_fighter_6_enhanced - INFO - Resetting environment (Episode 181)
2025-07-16 02:59:04,165 - street_fighter_6_enhanced - INFO - Resetting environment (Episode 182)
2025-07-16 02:59:07,488 - street_fighter_6_enhanced - INFO - Resetting environment (Episode 183)
2025-07-16 02:59:10,809 - street_fighter_6_enhanced - INFO - Resetting environment (Episode 184)
2025-07-16 02:59:14,133 - street_fighter_6_enhanced - INFO - Resetting environment (Episode 185)
2025-07-16 02:59:17,651 - street_fighter_6_enhanced - INFO - Resetting environment (Episode 186)
2025-07-16 02:59:20,771 - street_fighter_6_enhanced - INFO - Resetting environment (Episode 187)
2025-07-16 02:59:23,498 - street_fighter_6_enhanced - INFO - Resetting environment (Episode 188)
2025-07-16 02:59:26,829 - street_fighter_6_enhanced - INFO - Resetting environment (Episode 189)
2025-07-16 02:59:30,353 - street_fighter_6_enhanced - INFO - Resetting environment (Episode 190)
2025-07-16 02:59:33,673 - street_fighter_6_enhanced - INFO - Resetting environment (Episode 191)
2025-07-16 02:59:36,792 - street_fighter_6_enhanced - INFO - Resetting environment (Episode 192)
2025-07-16 02:59:40,114 - street_fighter_6_enhanced - INFO - Resetting environment (Episode 193)
2025-07-16 02:59:43,838 - street_fighter_6_enhanced - INFO - Resetting environment (Episode 194)
2025-07-16 02:59:47,159 - street_fighter_6_enhanced - INFO - Resetting environment (Episode 195)
2025-07-16 02:59:52,574 - street_fighter_6_enhanced - INFO - Resetting environment (Episode 196)
2025-07-16 02:59:56,495 - street_fighter_6_enhanced - INFO - Resetting environment (Episode 197)
2025-07-16 03:00:00,216 - street_fighter_6_enhanced - INFO - Resetting environment (Episode 198)
2025-07-16 03:00:07,648 - street_fighter_6_enhanced - INFO - Resetting environment (Episode 199)
2025-07-16 03:00:11,380 - street_fighter_6_enhanced - INFO - Resetting environment (Episode 200)
2025-07-16 03:00:14,902 - street_fighter_6_enhanced - INFO - Resetting environment (Episode 201)
2025-07-16 03:00:18,422 - street_fighter_6_enhanced - INFO - Resetting environment (Episode 202)
2025-07-16 03:00:21,548 - street_fighter_6_enhanced - INFO - Resetting environment (Episode 203)
2025-07-16 03:00:27,774 - street_fighter_6_enhanced - INFO - Resetting environment (Episode 204)
2025-07-16 03:00:29,106 - street_fighter_6_enhanced - WARNING - Failed to press key l: PyAutoGUI fail-safe triggered from mouse moving to a corner of the screen. To disable this fail-safe, set pyautogui.FAILSAFE to False. DISABLING FAIL-SAFE IS NOT RECOMMENDED.
2025-07-16 03:00:29,106 - street_fighter_6_enhanced - WARNING - Failed to press key s: PyAutoGUI fail-safe triggered from mouse moving to a corner of the screen. To disable this fail-safe, set pyautogui.FAILSAFE to False. DISABLING FAIL-SAFE IS NOT RECOMMENDED.
2025-07-16 03:00:29,106 - street_fighter_6_enhanced - WARNING - Failed to press key a: PyAutoGUI fail-safe triggered from mouse moving to a corner of the screen. To disable this fail-safe, set pyautogui.FAILSAFE to False. DISABLING FAIL-SAFE IS NOT RECOMMENDED.
2025-07-16 03:00:29,106 - street_fighter_6_enhanced - WARNING - Failed to press key d: PyAutoGUI fail-safe triggered from mouse moving to a corner of the screen. To disable this fail-safe, set pyautogui.FAILSAFE to False. DISABLING FAIL-SAFE IS NOT RECOMMENDED.
2025-07-16 03:00:29,106 - street_fighter_6_enhanced - WARNING - Failed to press key shift: PyAutoGUI fail-safe triggered from mouse moving to a corner of the screen. To disable this fail-safe, set pyautogui.FAILSAFE to False. DISABLING FAIL-SAFE IS NOT RECOMMENDED.
2025-07-16 03:00:29,189 - street_fighter_6_enhanced - INFO - Resetting environment (Episode 205)
